<?xml version="1.0" encoding="UTF-8"?>
<!-- Generated by org.testng.reporters.JUnitXMLReporter -->
<testsuite ignored="0" hostname="ER2301053" failures="0" tests="10" name="Default test" time="112.266" errors="0" timestamp="2023-02-07T16:31:26 IST">
  <testcase classname="com.qa.testcases.inwardlist.JobWorkRoughListPageTest" name="Verify_Navigation" time="6.208"/>
  <testcase classname="com.qa.testcases.inwardlist.JobWorkRoughListPageTest" name="Verify_inwardbutton_click" time="0.19"/>
  <testcase classname="com.qa.testcases.inwardlist.JobWorkRoughListPageTest" name="Verify_filldata_DocumentDeatils" time="33.29"/>
  <testcase classname="com.qa.testcases.inwardlist.JobWorkRoughListPageTest" name="Verify_fill_data_KPCertificateDetails" time="9.099"/>
  <testcase classname="com.qa.testcases.inwardlist.JobWorkRoughListPageTest" name="Verify_fill_data_BillEntryDetails" time="2.257"/>
  <testcase classname="com.qa.testcases.inwardlist.JobWorkRoughListPageTest" name="Verify_fill_data_CorrespondingInvoice" time="12.666"/>
  <testcase classname="com.qa.testcases.inwardlist.JobWorkRoughListPageTest" name="Verify_fill_data_MiningInformation" time="7.7"/>
  <testcase classname="com.qa.testcases.inwardlist.JobWorkRoughListPageTest" name="Verify_fill_data_DocumentLines" time="4.777"/>
  <testcase classname="com.qa.testcases.inwardlist.JobWorkRoughListPageTest" name="Verify_fill_data_JangadExpenseDetails" time="31.021"/>
  <testcase classname="com.qa.testcases.inwardlist.JobWorkRoughListPageTest" name="Verify_ValidateConfirmationRecord" time="0.032"/>
</testsuite> <!-- Default test -->
