<?xml version="1.0" encoding="UTF-8"?>
<testng-results ignored="0" total="2" passed="2" failed="0" skipped="0">
  <reporter-output>
  </reporter-output>
  <suite started-at="2023-02-09T11:11:44 IST" name="Default suite" finished-at="2023-02-09T11:11:59 IST" duration-ms="15864">
    <groups>
    </groups>
    <test started-at="2023-02-09T11:11:44 IST" name="Default test" finished-at="2023-02-09T11:11:59 IST" duration-ms="15864">
      <class name="com.qa.testcases.inwardlist.JobWorkRepairListPageTest">
        <test-method is-config="true" signature="setup()[pri:0, instance:com.qa.testcases.inwardlist.JobWorkRepairListPageTest@368247b9]" started-at="2023-02-09T11:11:44 IST" name="setup" finished-at="2023-02-09T11:11:52 IST" duration-ms="8370" status="PASS">
          <reporter-output>
          </reporter-output>
        </test-method> <!-- setup -->
        <test-method signature="Verify_Navigation()[pri:1, instance:com.qa.testcases.inwardlist.JobWorkRepairListPageTest@368247b9]" started-at="2023-02-09T11:11:52 IST" name="Verify_Navigation" finished-at="2023-02-09T11:11:59 IST" duration-ms="6525" status="PASS">
          <reporter-output>
          </reporter-output>
        </test-method> <!-- Verify_Navigation -->
        <test-method signature="Verify_inwardbutton_click()[pri:2, instance:com.qa.testcases.inwardlist.JobWorkRepairListPageTest@368247b9]" started-at="2023-02-09T11:11:59 IST" name="Verify_inwardbutton_click" finished-at="2023-02-09T11:11:59 IST" duration-ms="904" status="PASS">
          <reporter-output>
          </reporter-output>
        </test-method> <!-- Verify_inwardbutton_click -->
      </class> <!-- com.qa.testcases.inwardlist.JobWorkRepairListPageTest -->
    </test> <!-- Default test -->
  </suite> <!-- Default suite -->
</testng-results>
